# JRE version: OpenJDK Runtime Environment (8.0_191-b12) (build 1.8.0_191-8u191-b12-2ubuntu0.16.04.1-b12)
# Java VM: OpenJDK 64-Bit Server VM (25.191-b12 mixed mode linux-amd64 compressed oops)
Heap:
 PSYoungGen      total 183296K, used 175510K [0x00000000eb100000, 0x00000000f8580000, 0x0000000100000000)
  eden space 180224K, 95% used [0x00000000eb100000,0x00000000f599b568,0x00000000f6100000)
  from space 3072K, 93% used [0x00000000f8280000,0x00000000f854a558,0x00000000f8580000)
  to   space 9728K, 0% used [0x00000000f7280000,0x00000000f7280000,0x00000000f7c00000)
 ParOldGen       total 36864K, used 11867K [0x00000000c1200000, 0x00000000c3600000, 0x00000000eb100000)
  object space 36864K, 32% used [0x00000000c1200000,0x00000000c1d96d30,0x00000000c3600000)
 Metaspace       used 21891K, capacity 22764K, committed 23040K, reserved 1069056K
  class space    used 2504K, capacity 2760K, committed 2816K, reserved 1048576K
GC Heap History (10 events):
Event: 6.303 GC heap before
{Heap before GC invocations=7 (full 0):
 PSYoungGen      total 70656K, used 70618K [0x00000000eb100000, 0x00000000eff00000, 0x0000000100000000)
  eden space 64512K, 100% used [0x00000000eb100000,0x00000000ef000000,0x00000000ef000000)
  from space 6144K, 99% used [0x00000000ef700000,0x00000000efcf6aa0,0x00000000efd00000)
  to   space 7168K, 0% used [0x00000000ef000000,0x00000000ef000000,0x00000000ef700000)
 ParOldGen       total 44032K, used 6785K [0x00000000c1200000, 0x00000000c3d00000, 0x00000000eb100000)
  object space 44032K, 15% used [0x00000000c1200000,0x00000000c18a04c8,0x00000000c3d00000)
 Metaspace       used 17649K, capacity 18108K, committed 18304K, reserved 1064960K
  class space    used 2048K, capacity 2158K, committed 2176K, reserved 1048576K
Event: 6.341 GC heap after
Heap after GC invocations=7 (full 0):
 PSYoungGen      total 71680K, used 7160K [0x00000000eb100000, 0x00000000f4000000, 0x0000000100000000)
  eden space 64512K, 0% used [0x00000000eb100000,0x00000000eb100000,0x00000000ef000000)
  from space 7168K, 99% used [0x00000000ef000000,0x00000000ef6fe150,0x00000000ef700000)
  to   space 8704K, 0% used [0x00000000f3780000,0x00000000f3780000,0x00000000f4000000)
 ParOldGen       total 44032K, used 8033K [0x00000000c1200000, 0x00000000c3d00000, 0x00000000eb100000)
  object space 44032K, 18% used [0x00000000c1200000,0x00000000c19d8678,0x00000000c3d00000)
 Metaspace       used 17649K, capacity 18108K, committed 18304K, reserved 1064960K
  class space    used 2048K, capacity 2158K, committed 2176K, reserved 1048576K
}
Event: 9.430 GC heap before
{Heap before GC invocations=8 (full 0):
 PSYoungGen      total 71680K, used 71672K [0x00000000eb100000, 0x00000000f4000000, 0x0000000100000000)
  eden space 64512K, 100% used [0x00000000eb100000,0x00000000ef000000,0x00000000ef000000)
  from space 7168K, 99% used [0x00000000ef000000,0x00000000ef6fe150,0x00000000ef700000)
  to   space 8704K, 0% used [0x00000000f3780000,0x00000000f3780000,0x00000000f4000000)
 ParOldGen       total 44032K, used 8033K [0x00000000c1200000, 0x00000000c3d00000, 0x00000000eb100000)
  object space 44032K, 18% used [0x00000000c1200000,0x00000000c19d8678,0x00000000c3d00000)
 Metaspace       used 19751K, capacity 20398K, committed 20608K, reserved 1067008K
  class space    used 2271K, capacity 2414K, committed 2432K, reserved 1048576K
Event: 9.464 GC heap after
Heap after GC invocations=8 (full 0):
 PSYoungGen      total 136704K, used 8608K [0x00000000eb100000, 0x00000000f4200000, 0x0000000100000000)
  eden space 128000K, 0% used [0x00000000eb100000,0x00000000eb100000,0x00000000f2e00000)
  from space 8704K, 98% used [0x00000000f3780000,0x00000000f3fe8288,0x00000000f4000000)
  to   space 9728K, 0% used [0x00000000f2e00000,0x00000000f2e00000,0x00000000f3780000)
 ParOldGen       total 44032K, used 8851K [0x00000000c1200000, 0x00000000c3d00000, 0x00000000eb100000)
  object space 44032K, 20% used [0x00000000c1200000,0x00000000c1aa4eb8,0x00000000c3d00000)
 Metaspace       used 19751K, capacity 20398K, committed 20608K, reserved 1067008K
  class space    used 2271K, capacity 2414K, committed 2432K, reserved 1048576K
}
Event: 9.987 GC heap before
{Heap before GC invocations=9 (full 0):
 PSYoungGen      total 136704K, used 36786K [0x00000000eb100000, 0x00000000f4200000, 0x0000000100000000)
  eden space 128000K, 22% used [0x00000000eb100000,0x00000000ecc84690,0x00000000f2e00000)
  from space 8704K, 98% used [0x00000000f3780000,0x00000000f3fe8288,0x00000000f4000000)
  to   space 9728K, 0% used [0x00000000f2e00000,0x00000000f2e00000,0x00000000f3780000)
 ParOldGen       total 44032K, used 8851K [0x00000000c1200000, 0x00000000c3d00000, 0x00000000eb100000)
  object space 44032K, 20% used [0x00000000c1200000,0x00000000c1aa4eb8,0x00000000c3d00000)
 Metaspace       used 20471K, capacity 21194K, committed 21248K, reserved 1069056K
  class space    used 2384K, capacity 2558K, committed 2560K, reserved 1048576K
Event: 10.029 GC heap after
Heap after GC invocations=9 (full 0):
 PSYoungGen      total 137728K, used 6199K [0x00000000eb100000, 0x00000000f8c00000, 0x0000000100000000)
  eden space 128000K, 0% used [0x00000000eb100000,0x00000000eb100000,0x00000000f2e00000)
  from space 9728K, 63% used [0x00000000f2e00000,0x00000000f340dfd0,0x00000000f3780000)
  to   space 9728K, 0% used [0x00000000f8280000,0x00000000f8280000,0x00000000f8c00000)
 ParOldGen       total 44032K, used 11771K [0x00000000c1200000, 0x00000000c3d00000, 0x00000000eb100000)
  object space 44032K, 26% used [0x00000000c1200000,0x00000000c1d7eed8,0x00000000c3d00000)
 Metaspace       used 20471K, capacity 21194K, committed 21248K, reserved 1069056K
  class space    used 2384K, capacity 2558K, committed 2560K, reserved 1048576K
}
Event: 10.030 GC heap before
{Heap before GC invocations=10 (full 1):
 PSYoungGen      total 137728K, used 6199K [0x00000000eb100000, 0x00000000f8c00000, 0x0000000100000000)
  eden space 128000K, 0% used [0x00000000eb100000,0x00000000eb100000,0x00000000f2e00000)
  from space 9728K, 63% used [0x00000000f2e00000,0x00000000f340dfd0,0x00000000f3780000)
  to   space 9728K, 0% used [0x00000000f8280000,0x00000000f8280000,0x00000000f8c00000)
 ParOldGen       total 44032K, used 11771K [0x00000000c1200000, 0x00000000c3d00000, 0x00000000eb100000)
  object space 44032K, 26% used [0x00000000c1200000,0x00000000c1d7eed8,0x00000000c3d00000)
 Metaspace       used 20471K, capacity 21194K, committed 21248K, reserved 1069056K
  class space    used 2384K, capacity 2558K, committed 2560K, reserved 1048576K
Event: 10.163 GC heap after
Heap after GC invocations=10 (full 1):
 PSYoungGen      total 137728K, used 0K [0x00000000eb100000, 0x00000000f8c00000, 0x0000000100000000)
  eden space 128000K, 0% used [0x00000000eb100000,0x00000000eb100000,0x00000000f2e00000)
  from space 9728K, 0% used [0x00000000f2e00000,0x00000000f2e00000,0x00000000f3780000)
  to   space 9728K, 0% used [0x00000000f8280000,0x00000000f8280000,0x00000000f8c00000)
 ParOldGen       total 36864K, used 11867K [0x00000000c1200000, 0x00000000c3600000, 0x00000000eb100000)
  object space 36864K, 32% used [0x00000000c1200000,0x00000000c1d96d30,0x00000000c3600000)
 Metaspace       used 20471K, capacity 21194K, committed 21248K, reserved 1069056K
  class space    used 2384K, capacity 2558K, committed 2560K, reserved 1048576K
}
Event: 11.364 GC heap before
{Heap before GC invocations=11 (full 1):
 PSYoungGen      total 137728K, used 128000K [0x00000000eb100000, 0x00000000f8c00000, 0x0000000100000000)
  eden space 128000K, 100% used [0x00000000eb100000,0x00000000f2e00000,0x00000000f2e00000)
  from space 9728K, 0% used [0x00000000f2e00000,0x00000000f2e00000,0x00000000f3780000)
  to   space 9728K, 0% used [0x00000000f8280000,0x00000000f8280000,0x00000000f8c00000)
 ParOldGen       total 36864K, used 11867K [0x00000000c1200000, 0x00000000c3600000, 0x00000000eb100000)
  object space 36864K, 32% used [0x00000000c1200000,0x00000000c1d96d30,0x00000000c3600000)
 Metaspace       used 21878K, capacity 22700K, committed 22784K, reserved 1069056K
  class space    used 2503K, capacity 2760K, committed 2816K, reserved 1048576K
Event: 11.379 GC heap after
Heap after GC invocations=11 (full 1):
 PSYoungGen      total 183296K, used 2857K [0x00000000eb100000, 0x00000000f8580000, 0x0000000100000000)
  eden space 180224K, 0% used [0x00000000eb100000,0x00000000eb100000,0x00000000f6100000)
  from space 3072K, 93% used [0x00000000f8280000,0x00000000f854a558,0x00000000f8580000)
  to   space 9728K, 0% used [0x00000000f7280000,0x00000000f7280000,0x00000000f7c00000)
 ParOldGen       total 36864K, used 11867K [0x00000000c1200000, 0x00000000c3600000, 0x00000000eb100000)
  object space 36864K, 32% used [0x00000000c1200000,0x00000000c1d96d30,0x00000000c3600000)
 Metaspace       used 21878K, capacity 22700K, committed 22784K, reserved 1069056K
  class space    used 2503K, capacity 2760K, committed 2816K, reserved 1048576K
}

