# JRE version: OpenJDK Runtime Environment (8.0_191-b12) (build 1.8.0_191-8u191-b12-2ubuntu0.16.04.1-b12)
# Java VM: OpenJDK 64-Bit Server VM (25.191-b12 mixed mode linux-amd64 compressed oops)
Heap:
 PSYoungGen      total 309248K, used 243339K [0x00000000eb100000, 0x00000000fee00000, 0x0000000100000000)
  eden space 293888K, 80% used [0x00000000eb100000,0x00000000f9884b70,0x00000000fd000000)
  from space 15360K, 40% used [0x00000000fde80000,0x00000000fe49e0c0,0x00000000fed80000)
  to   space 14848K, 0% used [0x00000000fd000000,0x00000000fd000000,0x00000000fde80000)
 ParOldGen       total 52736K, used 20558K [0x00000000c1200000, 0x00000000c4580000, 0x00000000eb100000)
  object space 52736K, 38% used [0x00000000c1200000,0x00000000c26138c8,0x00000000c4580000)
 Metaspace       used 29341K, capacity 30238K, committed 30512K, reserved 1077248K
  class space    used 3225K, capacity 3505K, committed 3632K, reserved 1048576K
GC Heap History (10 events):
Event: 77.616 GC heap before
{Heap before GC invocations=10 (full 1):
 PSYoungGen      total 137216K, used 128512K [0x00000000eb100000, 0x00000000f4100000, 0x0000000100000000)
  eden space 128512K, 100% used [0x00000000eb100000,0x00000000f2e80000,0x00000000f2e80000)
  from space 8704K, 0% used [0x00000000f3780000,0x00000000f3780000,0x00000000f4000000)
  to   space 9216K, 0% used [0x00000000f2e80000,0x00000000f2e80000,0x00000000f3780000)
 ParOldGen       total 30720K, used 9534K [0x00000000c1200000, 0x00000000c3000000, 0x00000000eb100000)
  object space 30720K, 31% used [0x00000000c1200000,0x00000000c1b4fa90,0x00000000c3000000)
 Metaspace       used 24748K, capacity 25224K, committed 25520K, reserved 1071104K
  class space    used 2744K, capacity 2870K, committed 2992K, reserved 1048576K
Event: 77.692 GC heap after
Heap after GC invocations=10 (full 1):
 PSYoungGen      total 137728K, used 9186K [0x00000000eb100000, 0x00000000f8b80000, 0x0000000100000000)
  eden space 128512K, 0% used [0x00000000eb100000,0x00000000eb100000,0x00000000f2e80000)
  from space 9216K, 99% used [0x00000000f2e80000,0x00000000f3778ae0,0x00000000f3780000)
  to   space 13824K, 0% used [0x00000000f7e00000,0x00000000f7e00000,0x00000000f8b80000)
 ParOldGen       total 30720K, used 18281K [0x00000000c1200000, 0x00000000c3000000, 0x00000000eb100000)
  object space 30720K, 59% used [0x00000000c1200000,0x00000000c23da740,0x00000000c3000000)
 Metaspace       used 24748K, capacity 25224K, committed 25520K, reserved 1071104K
  class space    used 2744K, capacity 2870K, committed 2992K, reserved 1048576K
}
Event: 100.047 GC heap before
{Heap before GC invocations=11 (full 1):
 PSYoungGen      total 137728K, used 137698K [0x00000000eb100000, 0x00000000f8b80000, 0x0000000100000000)
  eden space 128512K, 100% used [0x00000000eb100000,0x00000000f2e80000,0x00000000f2e80000)
  from space 9216K, 99% used [0x00000000f2e80000,0x00000000f3778ae0,0x00000000f3780000)
  to   space 13824K, 0% used [0x00000000f7e00000,0x00000000f7e00000,0x00000000f8b80000)
 ParOldGen       total 30720K, used 18281K [0x00000000c1200000, 0x00000000c3000000, 0x00000000eb100000)
  object space 30720K, 59% used [0x00000000c1200000,0x00000000c23da740,0x00000000c3000000)
 Metaspace       used 27174K, capacity 27904K, committed 28080K, reserved 1075200K
  class space    used 2990K, capacity 3191K, committed 3248K, reserved 1048576K
Event: 100.119 GC heap after
Heap after GC invocations=11 (full 1):
 PSYoungGen      total 207872K, used 13807K [0x00000000eb100000, 0x00000000f8d80000, 0x0000000100000000)
  eden space 194048K, 0% used [0x00000000eb100000,0x00000000eb100000,0x00000000f6e80000)
  from space 13824K, 99% used [0x00000000f7e00000,0x00000000f8b7bf70,0x00000000f8b80000)
  to   space 15872K, 0% used [0x00000000f6e80000,0x00000000f6e80000,0x00000000f7e00000)
 ParOldGen       total 30720K, used 18378K [0x00000000c1200000, 0x00000000c3000000, 0x00000000eb100000)
  object space 30720K, 59% used [0x00000000c1200000,0x00000000c23f2b28,0x00000000c3000000)
 Metaspace       used 27174K, capacity 27904K, committed 28080K, reserved 1075200K
  class space    used 2990K, capacity 3191K, committed 3248K, reserved 1048576K
}
Event: 112.537 GC heap before
{Heap before GC invocations=12 (full 1):
 PSYoungGen      total 207872K, used 207855K [0x00000000eb100000, 0x00000000f8d80000, 0x0000000100000000)
  eden space 194048K, 100% used [0x00000000eb100000,0x00000000f6e80000,0x00000000f6e80000)
  from space 13824K, 99% used [0x00000000f7e00000,0x00000000f8b7bf70,0x00000000f8b80000)
  to   space 15872K, 0% used [0x00000000f6e80000,0x00000000f6e80000,0x00000000f7e00000)
 ParOldGen       total 30720K, used 18378K [0x00000000c1200000, 0x00000000c3000000, 0x00000000eb100000)
  object space 30720K, 59% used [0x00000000c1200000,0x00000000c23f2b28,0x00000000c3000000)
 Metaspace       used 29240K, capacity 30046K, committed 30256K, reserved 1075200K
  class space    used 3220K, capacity 3505K, committed 3632K, reserved 1048576K
Event: 112.692 GC heap after
Heap after GC invocations=12 (full 1):
 PSYoungGen      total 209920K, used 4662K [0x00000000eb100000, 0x00000000fed80000, 0x0000000100000000)
  eden space 194048K, 0% used [0x00000000eb100000,0x00000000eb100000,0x00000000f6e80000)
  from space 15872K, 29% used [0x00000000f6e80000,0x00000000f730d998,0x00000000f7e00000)
  to   space 15360K, 0% used [0x00000000fde80000,0x00000000fde80000,0x00000000fed80000)
 ParOldGen       total 30720K, used 30696K [0x00000000c1200000, 0x00000000c3000000, 0x00000000eb100000)
  object space 30720K, 99% used [0x00000000c1200000,0x00000000c2ffa240,0x00000000c3000000)
 Metaspace       used 29240K, capacity 30046K, committed 30256K, reserved 1075200K
  class space    used 3220K, capacity 3505K, committed 3632K, reserved 1048576K
}
Event: 112.692 GC heap before
{Heap before GC invocations=13 (full 2):
 PSYoungGen      total 209920K, used 4662K [0x00000000eb100000, 0x00000000fed80000, 0x0000000100000000)
  eden space 194048K, 0% used [0x00000000eb100000,0x00000000eb100000,0x00000000f6e80000)
  from space 15872K, 29% used [0x00000000f6e80000,0x00000000f730d998,0x00000000f7e00000)
  to   space 15360K, 0% used [0x00000000fde80000,0x00000000fde80000,0x00000000fed80000)
 ParOldGen       total 30720K, used 30696K [0x00000000c1200000, 0x00000000c3000000, 0x00000000eb100000)
  object space 30720K, 99% used [0x00000000c1200000,0x00000000c2ffa240,0x00000000c3000000)
 Metaspace       used 29240K, capacity 30046K, committed 30256K, reserved 1075200K
  class space    used 3220K, capacity 3505K, committed 3632K, reserved 1048576K
Event: 112.924 GC heap after
Heap after GC invocations=13 (full 2):
 PSYoungGen      total 209920K, used 0K [0x00000000eb100000, 0x00000000fed80000, 0x0000000100000000)
  eden space 194048K, 0% used [0x00000000eb100000,0x00000000eb100000,0x00000000f6e80000)
  from space 15872K, 0% used [0x00000000f6e80000,0x00000000f6e80000,0x00000000f7e00000)
  to   space 15360K, 0% used [0x00000000fde80000,0x00000000fde80000,0x00000000fed80000)
 ParOldGen       total 52736K, used 20550K [0x00000000c1200000, 0x00000000c4580000, 0x00000000eb100000)
  object space 52736K, 38% used [0x00000000c1200000,0x00000000c26118c8,0x00000000c4580000)
 Metaspace       used 29240K, capacity 30046K, committed 30256K, reserved 1075200K
  class space    used 3220K, capacity 3505K, committed 3632K, reserved 1048576K
}
Event: 115.184 GC heap before
{Heap before GC invocations=14 (full 2):
 PSYoungGen      total 209920K, used 194048K [0x00000000eb100000, 0x00000000fed80000, 0x0000000100000000)
  eden space 194048K, 100% used [0x00000000eb100000,0x00000000f6e80000,0x00000000f6e80000)
  from space 15872K, 0% used [0x00000000f6e80000,0x00000000f6e80000,0x00000000f7e00000)
  to   space 15360K, 0% used [0x00000000fde80000,0x00000000fde80000,0x00000000fed80000)
 ParOldGen       total 52736K, used 20550K [0x00000000c1200000, 0x00000000c4580000, 0x00000000eb100000)
  object space 52736K, 38% used [0x00000000c1200000,0x00000000c26118c8,0x00000000c4580000)
 Metaspace       used 29337K, capacity 30174K, committed 30512K, reserved 1077248K
  class space    used 3224K, capacity 3505K, committed 3632K, reserved 1048576K
Event: 115.311 GC heap after
Heap after GC invocations=14 (full 2):
 PSYoungGen      total 309248K, used 6264K [0x00000000eb100000, 0x00000000fee00000, 0x0000000100000000)
  eden space 293888K, 0% used [0x00000000eb100000,0x00000000eb100000,0x00000000fd000000)
  from space 15360K, 40% used [0x00000000fde80000,0x00000000fe49e0c0,0x00000000fed80000)
  to   space 14848K, 0% used [0x00000000fd000000,0x00000000fd000000,0x00000000fde80000)
 ParOldGen       total 52736K, used 20558K [0x00000000c1200000, 0x00000000c4580000, 0x00000000eb100000)
  object space 52736K, 38% used [0x00000000c1200000,0x00000000c26138c8,0x00000000c4580000)
 Metaspace       used 29337K, capacity 30174K, committed 30512K, reserved 1077248K
  class space    used 3224K, capacity 3505K, committed 3632K, reserved 1048576K
}

