# JRE version: Java(TM) SE Runtime Environment (8.0_131-b11) (build 1.8.0_131-b11)
# Java VM: Java HotSpot(TM) 64-Bit Server VM (25.131-b11 mixed mode windows-amd64 compressed oops)
Heap:
 PSYoungGen      total 269824K, used 65531K [0x00000000eb100000, 0x00000000fef00000, 0x0000000100000000)
  eden space 219136K, 8% used [0x00000000eb100000,0x00000000ec416da0,0x00000000f8700000)
  from space 50688K, 90% used [0x00000000fb900000,0x00000000fe5e8000,0x00000000fea80000)
  to   space 51200K, 0% used [0x00000000f8700000,0x00000000f8700000,0x00000000fb900000)
 ParOldGen       total 346624K, used 292048K [0x00000000c1200000, 0x00000000d6480000, 0x00000000eb100000)
  object space 346624K, 84% used [0x00000000c1200000,0x00000000d2f343f8,0x00000000d6480000)
 Metaspace       used 7002K, capacity 7268K, committed 7424K, reserved 1056768K
  class space    used 816K, capacity 906K, committed 1024K, reserved 1048576K
GC Heap History (10 events):
Event: 74.832 GC heap before
{Heap before GC invocations=248 (full 10):
 PSYoungGen      total 270336K, used 270336K [0x00000000eb100000, 0x00000000fef00000, 0x0000000100000000)
  eden space 219136K, 100% used [0x00000000eb100000,0x00000000f8700000,0x00000000f8700000)
  from space 51200K, 100% used [0x00000000f8700000,0x00000000fb900000,0x00000000fb900000)
  to   space 50688K, 0% used [0x00000000fb900000,0x00000000fb900000,0x00000000fea80000)
 ParOldGen       total 346624K, used 243928K [0x00000000c1200000, 0x00000000d6480000, 0x00000000eb100000)
  object space 346624K, 70% used [0x00000000c1200000,0x00000000d00363f8,0x00000000d6480000)
 Metaspace       used 6972K, capacity 7268K, committed 7424K, reserved 1056768K
  class space    used 815K, capacity 906K, committed 1024K, reserved 1048576K
Event: 74.951 GC heap after
Heap after GC invocations=248 (full 10):
 PSYoungGen      total 269824K, used 50688K [0x00000000eb100000, 0x00000000fef00000, 0x0000000100000000)
  eden space 219136K, 0% used [0x00000000eb100000,0x00000000eb100000,0x00000000f8700000)
  from space 50688K, 100% used [0x00000000fb900000,0x00000000fea80000,0x00000000fea80000)
  to   space 51200K, 0% used [0x00000000f8700000,0x00000000f8700000,0x00000000fb900000)
 ParOldGen       total 346624K, used 254544K [0x00000000c1200000, 0x00000000d6480000, 0x00000000eb100000)
  object space 346624K, 73% used [0x00000000c1200000,0x00000000d0a943f8,0x00000000d6480000)
 Metaspace       used 6972K, capacity 7268K, committed 7424K, reserved 1056768K
  class space    used 815K, capacity 906K, committed 1024K, reserved 1048576K
}
Event: 75.220 GC heap before
{Heap before GC invocations=249 (full 10):
 PSYoungGen      total 269824K, used 269824K [0x00000000eb100000, 0x00000000fef00000, 0x0000000100000000)
  eden space 219136K, 100% used [0x00000000eb100000,0x00000000f8700000,0x00000000f8700000)
  from space 50688K, 100% used [0x00000000fb900000,0x00000000fea80000,0x00000000fea80000)
  to   space 51200K, 0% used [0x00000000f8700000,0x00000000f8700000,0x00000000fb900000)
 ParOldGen       total 346624K, used 254544K [0x00000000c1200000, 0x00000000d6480000, 0x00000000eb100000)
  object space 346624K, 73% used [0x00000000c1200000,0x00000000d0a943f8,0x00000000d6480000)
 Metaspace       used 6972K, capacity 7268K, committed 7424K, reserved 1056768K
  class space    used 815K, capacity 906K, committed 1024K, reserved 1048576K
Event: 75.330 GC heap after
Heap after GC invocations=249 (full 10):
 PSYoungGen      total 270336K, used 51200K [0x00000000eb100000, 0x00000000fef00000, 0x0000000100000000)
  eden space 219136K, 0% used [0x00000000eb100000,0x00000000eb100000,0x00000000f8700000)
  from space 51200K, 100% used [0x00000000f8700000,0x00000000fb900000,0x00000000fb900000)
  to   space 50688K, 0% used [0x00000000fb900000,0x00000000fb900000,0x00000000fea80000)
 ParOldGen       total 346624K, used 263224K [0x00000000c1200000, 0x00000000d6480000, 0x00000000eb100000)
  object space 346624K, 75% used [0x00000000c1200000,0x00000000d130e3f8,0x00000000d6480000)
 Metaspace       used 6972K, capacity 7268K, committed 7424K, reserved 1056768K
  class space    used 815K, capacity 906K, committed 1024K, reserved 1048576K
}
Event: 75.628 GC heap before
{Heap before GC invocations=250 (full 10):
 PSYoungGen      total 270336K, used 270336K [0x00000000eb100000, 0x00000000fef00000, 0x0000000100000000)
  eden space 219136K, 100% used [0x00000000eb100000,0x00000000f8700000,0x00000000f8700000)
  from space 51200K, 100% used [0x00000000f8700000,0x00000000fb900000,0x00000000fb900000)
  to   space 50688K, 0% used [0x00000000fb900000,0x00000000fb900000,0x00000000fea80000)
 ParOldGen       total 346624K, used 263224K [0x00000000c1200000, 0x00000000d6480000, 0x00000000eb100000)
  object space 346624K, 75% used [0x00000000c1200000,0x00000000d130e3f8,0x00000000d6480000)
 Metaspace       used 6972K, capacity 7268K, committed 7424K, reserved 1056768K
  class space    used 815K, capacity 906K, committed 1024K, reserved 1048576K
Event: 75.742 GC heap after
Heap after GC invocations=250 (full 10):
 PSYoungGen      total 269824K, used 50688K [0x00000000eb100000, 0x00000000fef00000, 0x0000000100000000)
  eden space 219136K, 0% used [0x00000000eb100000,0x00000000eb100000,0x00000000f8700000)
  from space 50688K, 100% used [0x00000000fb900000,0x00000000fea80000,0x00000000fea80000)
  to   space 51200K, 0% used [0x00000000f8700000,0x00000000f8700000,0x00000000fb900000)
 ParOldGen       total 346624K, used 271704K [0x00000000c1200000, 0x00000000d6480000, 0x00000000eb100000)
  object space 346624K, 78% used [0x00000000c1200000,0x00000000d1b563f8,0x00000000d6480000)
 Metaspace       used 6972K, capacity 7268K, committed 7424K, reserved 1056768K
  class space    used 815K, capacity 906K, committed 1024K, reserved 1048576K
}
Event: 75.973 GC heap before
{Heap before GC invocations=251 (full 10):
 PSYoungGen      total 269824K, used 269824K [0x00000000eb100000, 0x00000000fef00000, 0x0000000100000000)
  eden space 219136K, 100% used [0x00000000eb100000,0x00000000f8700000,0x00000000f8700000)
  from space 50688K, 100% used [0x00000000fb900000,0x00000000fea80000,0x00000000fea80000)
  to   space 51200K, 0% used [0x00000000f8700000,0x00000000f8700000,0x00000000fb900000)
 ParOldGen       total 346624K, used 271704K [0x00000000c1200000, 0x00000000d6480000, 0x00000000eb100000)
  object space 346624K, 78% used [0x00000000c1200000,0x00000000d1b563f8,0x00000000d6480000)
 Metaspace       used 6972K, capacity 7268K, committed 7424K, reserved 1056768K
  class space    used 815K, capacity 906K, committed 1024K, reserved 1048576K
Event: 76.079 GC heap after
Heap after GC invocations=251 (full 10):
 PSYoungGen      total 270336K, used 51200K [0x00000000eb100000, 0x00000000fef00000, 0x0000000100000000)
  eden space 219136K, 0% used [0x00000000eb100000,0x00000000eb100000,0x00000000f8700000)
  from space 51200K, 100% used [0x00000000f8700000,0x00000000fb900000,0x00000000fb900000)
  to   space 50688K, 0% used [0x00000000fb900000,0x00000000fb900000,0x00000000fea80000)
 ParOldGen       total 346624K, used 279128K [0x00000000c1200000, 0x00000000d6480000, 0x00000000eb100000)
  object space 346624K, 80% used [0x00000000c1200000,0x00000000d22963f8,0x00000000d6480000)
 Metaspace       used 6972K, capacity 7268K, committed 7424K, reserved 1056768K
  class space    used 815K, capacity 906K, committed 1024K, reserved 1048576K
}
Event: 76.472 GC heap before
{Heap before GC invocations=252 (full 10):
 PSYoungGen      total 270336K, used 270336K [0x00000000eb100000, 0x00000000fef00000, 0x0000000100000000)
  eden space 219136K, 100% used [0x00000000eb100000,0x00000000f8700000,0x00000000f8700000)
  from space 51200K, 100% used [0x00000000f8700000,0x00000000fb900000,0x00000000fb900000)
  to   space 50688K, 0% used [0x00000000fb900000,0x00000000fb900000,0x00000000fea80000)
 ParOldGen       total 346624K, used 279128K [0x00000000c1200000, 0x00000000d6480000, 0x00000000eb100000)
  object space 346624K, 80% used [0x00000000c1200000,0x00000000d22963f8,0x00000000d6480000)
 Metaspace       used 7002K, capacity 7268K, committed 7424K, reserved 1056768K
  class space    used 816K, capacity 906K, committed 1024K, reserved 1048576K
Event: 76.582 GC heap after
Heap after GC invocations=252 (full 10):
 PSYoungGen      total 269824K, used 45984K [0x00000000eb100000, 0x00000000fef00000, 0x0000000100000000)
  eden space 219136K, 0% used [0x00000000eb100000,0x00000000eb100000,0x00000000f8700000)
  from space 50688K, 90% used [0x00000000fb900000,0x00000000fe5e8000,0x00000000fea80000)
  to   space 51200K, 0% used [0x00000000f8700000,0x00000000f8700000,0x00000000fb900000)
 ParOldGen       total 346624K, used 292048K [0x00000000c1200000, 0x00000000d6480000, 0x00000000eb100000)
  object space 346624K, 84% used [0x00000000c1200000,0x00000000d2f343f8,0x00000000d6480000)
 Metaspace       used 7002K, capacity 7268K, committed 7424K, reserved 1056768K
  class space    used 816K, capacity 906K, committed 1024K, reserved 1048576K
}

