# JRE version: Java(TM) SE Runtime Environment (8.0_131-b11) (build 1.8.0_131-b11)
# Java VM: Java HotSpot(TM) 64-Bit Server VM (25.131-b11 mixed mode windows-amd64 compressed oops)
Heap:
 PSYoungGen      total 213504K, used 118515K [0x00000000eb100000, 0x00000000f8700000, 0x0000000100000000)
  eden space 209408K, 56% used [0x00000000eb100000,0x00000000f23b4e90,0x00000000f7d80000)
  from space 4096K, 25% used [0x00000000f8200000,0x00000000f8308000,0x00000000f8600000)
  to   space 4608K, 0% used [0x00000000f7d80000,0x00000000f7d80000,0x00000000f8200000)
 ParOldGen       total 44032K, used 4574K [0x00000000c1200000, 0x00000000c3d00000, 0x00000000eb100000)
  object space 44032K, 10% used [0x00000000c1200000,0x00000000c1677ac0,0x00000000c3d00000)
 Metaspace       used 7117K, capacity 7362K, committed 7680K, reserved 1056768K
  class space    used 810K, capacity 911K, committed 1024K, reserved 1048576K
GC Heap History (10 events):
Event: 3.171 GC heap before
{Heap before GC invocations=8 (full 0):
 PSYoungGen      total 68608K, used 68603K [0x00000000eb100000, 0x00000000f3900000, 0x0000000100000000)
  eden space 65536K, 100% used [0x00000000eb100000,0x00000000ef100000,0x00000000ef100000)
  from space 3072K, 99% used [0x00000000ef100000,0x00000000ef3fef30,0x00000000ef400000)
  to   space 4096K, 0% used [0x00000000f3500000,0x00000000f3500000,0x00000000f3900000)
 ParOldGen       total 44032K, used 2114K [0x00000000c1200000, 0x00000000c3d00000, 0x00000000eb100000)
  object space 44032K, 4% used [0x00000000c1200000,0x00000000c1410b50,0x00000000c3d00000)
 Metaspace       used 7117K, capacity 7362K, committed 7680K, reserved 1056768K
  class space    used 810K, capacity 911K, committed 1024K, reserved 1048576K
Event: 3.181 GC heap after
Heap after GC invocations=8 (full 0):
 PSYoungGen      total 135168K, used 3163K [0x00000000eb100000, 0x00000000f3900000, 0x0000000100000000)
  eden space 131072K, 0% used [0x00000000eb100000,0x00000000eb100000,0x00000000f3100000)
  from space 4096K, 77% used [0x00000000f3500000,0x00000000f3816f30,0x00000000f3900000)
  to   space 4096K, 0% used [0x00000000f3100000,0x00000000f3100000,0x00000000f3500000)
 ParOldGen       total 44032K, used 2186K [0x00000000c1200000, 0x00000000c3d00000, 0x00000000eb100000)
  object space 44032K, 4% used [0x00000000c1200000,0x00000000c1422b50,0x00000000c3d00000)
 Metaspace       used 7117K, capacity 7362K, committed 7680K, reserved 1056768K
  class space    used 810K, capacity 911K, committed 1024K, reserved 1048576K
}
Event: 3.657 GC heap before
{Heap before GC invocations=9 (full 0):
 PSYoungGen      total 135168K, used 134235K [0x00000000eb100000, 0x00000000f3900000, 0x0000000100000000)
  eden space 131072K, 100% used [0x00000000eb100000,0x00000000f3100000,0x00000000f3100000)
  from space 4096K, 77% used [0x00000000f3500000,0x00000000f3816f30,0x00000000f3900000)
  to   space 4096K, 0% used [0x00000000f3100000,0x00000000f3100000,0x00000000f3500000)
 ParOldGen       total 44032K, used 2186K [0x00000000c1200000, 0x00000000c3d00000, 0x00000000eb100000)
  object space 44032K, 4% used [0x00000000c1200000,0x00000000c1422b50,0x00000000c3d00000)
 Metaspace       used 7117K, capacity 7362K, committed 7680K, reserved 1056768K
  class space    used 810K, capacity 911K, committed 1024K, reserved 1048576K
Event: 3.667 GC heap after
Heap after GC invocations=9 (full 0):
 PSYoungGen      total 135168K, used 2811K [0x00000000eb100000, 0x00000000f8600000, 0x0000000100000000)
  eden space 131072K, 0% used [0x00000000eb100000,0x00000000eb100000,0x00000000f3100000)
  from space 4096K, 68% used [0x00000000f3100000,0x00000000f33bef30,0x00000000f3500000)
  to   space 4096K, 0% used [0x00000000f8200000,0x00000000f8200000,0x00000000f8600000)
 ParOldGen       total 44032K, used 2354K [0x00000000c1200000, 0x00000000c3d00000, 0x00000000eb100000)
  object space 44032K, 5% used [0x00000000c1200000,0x00000000c144cb50,0x00000000c3d00000)
 Metaspace       used 7117K, capacity 7362K, committed 7680K, reserved 1056768K
  class space    used 810K, capacity 911K, committed 1024K, reserved 1048576K
}
Event: 4.048 GC heap before
{Heap before GC invocations=10 (full 0):
 PSYoungGen      total 135168K, used 133883K [0x00000000eb100000, 0x00000000f8600000, 0x0000000100000000)
  eden space 131072K, 100% used [0x00000000eb100000,0x00000000f3100000,0x00000000f3100000)
  from space 4096K, 68% used [0x00000000f3100000,0x00000000f33bef30,0x00000000f3500000)
  to   space 4096K, 0% used [0x00000000f8200000,0x00000000f8200000,0x00000000f8600000)
 ParOldGen       total 44032K, used 2354K [0x00000000c1200000, 0x00000000c3d00000, 0x00000000eb100000)
  object space 44032K, 5% used [0x00000000c1200000,0x00000000c144cb50,0x00000000c3d00000)
 Metaspace       used 7117K, capacity 7362K, committed 7680K, reserved 1056768K
  class space    used 810K, capacity 911K, committed 1024K, reserved 1048576K
Event: 4.054 GC heap after
Heap after GC invocations=10 (full 0):
 PSYoungGen      total 135168K, used 640K [0x00000000eb100000, 0x00000000f8600000, 0x0000000100000000)
  eden space 131072K, 0% used [0x00000000eb100000,0x00000000eb100000,0x00000000f3100000)
  from space 4096K, 15% used [0x00000000f8200000,0x00000000f82a0000,0x00000000f8600000)
  to   space 4096K, 0% used [0x00000000f3100000,0x00000000f3100000,0x00000000f3500000)
 ParOldGen       total 44032K, used 4334K [0x00000000c1200000, 0x00000000c3d00000, 0x00000000eb100000)
  object space 44032K, 9% used [0x00000000c1200000,0x00000000c163bac0,0x00000000c3d00000)
 Metaspace       used 7117K, capacity 7362K, committed 7680K, reserved 1056768K
  class space    used 810K, capacity 911K, committed 1024K, reserved 1048576K
}
Event: 4.267 GC heap before
{Heap before GC invocations=11 (full 0):
 PSYoungGen      total 135168K, used 131712K [0x00000000eb100000, 0x00000000f8600000, 0x0000000100000000)
  eden space 131072K, 100% used [0x00000000eb100000,0x00000000f3100000,0x00000000f3100000)
  from space 4096K, 15% used [0x00000000f8200000,0x00000000f82a0000,0x00000000f8600000)
  to   space 4096K, 0% used [0x00000000f3100000,0x00000000f3100000,0x00000000f3500000)
 ParOldGen       total 44032K, used 4334K [0x00000000c1200000, 0x00000000c3d00000, 0x00000000eb100000)
  object space 44032K, 9% used [0x00000000c1200000,0x00000000c163bac0,0x00000000c3d00000)
 Metaspace       used 7117K, capacity 7362K, committed 7680K, reserved 1056768K
  class space    used 810K, capacity 911K, committed 1024K, reserved 1048576K
Event: 4.273 GC heap after
Heap after GC invocations=11 (full 0):
 PSYoungGen      total 135168K, used 1952K [0x00000000eb100000, 0x00000000f8600000, 0x0000000100000000)
  eden space 131072K, 0% used [0x00000000eb100000,0x00000000eb100000,0x00000000f3100000)
  from space 4096K, 47% used [0x00000000f3100000,0x00000000f32e8000,0x00000000f3500000)
  to   space 4096K, 0% used [0x00000000f8200000,0x00000000f8200000,0x00000000f8600000)
 ParOldGen       total 44032K, used 4350K [0x00000000c1200000, 0x00000000c3d00000, 0x00000000eb100000)
  object space 44032K, 9% used [0x00000000c1200000,0x00000000c163fac0,0x00000000c3d00000)
 Metaspace       used 7117K, capacity 7362K, committed 7680K, reserved 1056768K
  class space    used 810K, capacity 911K, committed 1024K, reserved 1048576K
}
Event: 4.463 GC heap before
{Heap before GC invocations=12 (full 0):
 PSYoungGen      total 135168K, used 133024K [0x00000000eb100000, 0x00000000f8600000, 0x0000000100000000)
  eden space 131072K, 100% used [0x00000000eb100000,0x00000000f3100000,0x00000000f3100000)
  from space 4096K, 47% used [0x00000000f3100000,0x00000000f32e8000,0x00000000f3500000)
  to   space 4096K, 0% used [0x00000000f8200000,0x00000000f8200000,0x00000000f8600000)
 ParOldGen       total 44032K, used 4350K [0x00000000c1200000, 0x00000000c3d00000, 0x00000000eb100000)
  object space 44032K, 9% used [0x00000000c1200000,0x00000000c163fac0,0x00000000c3d00000)
 Metaspace       used 7117K, capacity 7362K, committed 7680K, reserved 1056768K
  class space    used 810K, capacity 911K, committed 1024K, reserved 1048576K
Event: 4.467 GC heap after
Heap after GC invocations=12 (full 0):
 PSYoungGen      total 213504K, used 1056K [0x00000000eb100000, 0x00000000f8700000, 0x0000000100000000)
  eden space 209408K, 0% used [0x00000000eb100000,0x00000000eb100000,0x00000000f7d80000)
  from space 4096K, 25% used [0x00000000f8200000,0x00000000f8308000,0x00000000f8600000)
  to   space 4608K, 0% used [0x00000000f7d80000,0x00000000f7d80000,0x00000000f8200000)
 ParOldGen       total 44032K, used 4574K [0x00000000c1200000, 0x00000000c3d00000, 0x00000000eb100000)
  object space 44032K, 10% used [0x00000000c1200000,0x00000000c1677ac0,0x00000000c3d00000)
 Metaspace       used 7117K, capacity 7362K, committed 7680K, reserved 1056768K
  class space    used 810K, capacity 911K, committed 1024K, reserved 1048576K
}

