# JRE version: Java(TM) SE Runtime Environment (8.0_131-b11) (build 1.8.0_131-b11)
# Java VM: Java HotSpot(TM) 64-Bit Server VM (25.131-b11 mixed mode windows-amd64 compressed oops)
Heap:
 PSYoungGen      total 69120K, used 29043K [0x00000000eb100000, 0x00000000efc00000, 0x0000000100000000)
  eden space 64512K, 37% used [0x00000000eb100000,0x00000000ec8e0588,0x00000000ef000000)
  from space 4608K, 99% used [0x00000000ef580000,0x00000000ef9fc7b0,0x00000000efa00000)
  to   space 5632K, 0% used [0x00000000ef000000,0x00000000ef000000,0x00000000ef580000)
 ParOldGen       total 44032K, used 4360K [0x00000000c1200000, 0x00000000c3d00000, 0x00000000eb100000)
  object space 44032K, 9% used [0x00000000c1200000,0x00000000c16422b8,0x00000000c3d00000)
 Metaspace       used 7297K, capacity 7550K, committed 7680K, reserved 1056768K
  class space    used 848K, capacity 935K, committed 1024K, reserved 1048576K
GC Heap History (10 events):
Event: 2.050 GC heap before
{Heap before GC invocations=2 (full 0):
 PSYoungGen      total 18944K, used 18941K [0x00000000eb100000, 0x00000000ec600000, 0x0000000100000000)
  eden space 16384K, 100% used [0x00000000eb100000,0x00000000ec100000,0x00000000ec100000)
  from space 2560K, 99% used [0x00000000ec100000,0x00000000ec37f7b0,0x00000000ec380000)
  to   space 2560K, 0% used [0x00000000ec380000,0x00000000ec380000,0x00000000ec600000)
 ParOldGen       total 44032K, used 129K [0x00000000c1200000, 0x00000000c3d00000, 0x00000000eb100000)
  object space 44032K, 0% used [0x00000000c1200000,0x00000000c1220500,0x00000000c3d00000)
 Metaspace       used 6791K, capacity 6952K, committed 7040K, reserved 1056768K
  class space    used 802K, capacity 870K, committed 896K, reserved 1048576K
Event: 2.061 GC heap after
Heap after GC invocations=2 (full 0):
 PSYoungGen      total 18944K, used 2544K [0x00000000eb100000, 0x00000000ed600000, 0x0000000100000000)
  eden space 16384K, 0% used [0x00000000eb100000,0x00000000eb100000,0x00000000ec100000)
  from space 2560K, 99% used [0x00000000ec380000,0x00000000ec5fc010,0x00000000ec600000)
  to   space 2560K, 0% used [0x00000000ec100000,0x00000000ec100000,0x00000000ec380000)
 ParOldGen       total 44032K, used 312K [0x00000000c1200000, 0x00000000c3d00000, 0x00000000eb100000)
  object space 44032K, 0% used [0x00000000c1200000,0x00000000c124e2b8,0x00000000c3d00000)
 Metaspace       used 6791K, capacity 6952K, committed 7040K, reserved 1056768K
  class space    used 802K, capacity 870K, committed 896K, reserved 1048576K
}
Event: 2.379 GC heap before
{Heap before GC invocations=3 (full 0):
 PSYoungGen      total 18944K, used 18928K [0x00000000eb100000, 0x00000000ed600000, 0x0000000100000000)
  eden space 16384K, 100% used [0x00000000eb100000,0x00000000ec100000,0x00000000ec100000)
  from space 2560K, 99% used [0x00000000ec380000,0x00000000ec5fc010,0x00000000ec600000)
  to   space 2560K, 0% used [0x00000000ec100000,0x00000000ec100000,0x00000000ec380000)
 ParOldGen       total 44032K, used 312K [0x00000000c1200000, 0x00000000c3d00000, 0x00000000eb100000)
  object space 44032K, 0% used [0x00000000c1200000,0x00000000c124e2b8,0x00000000c3d00000)
 Metaspace       used 7202K, capacity 7418K, committed 7680K, reserved 1056768K
  class space    used 847K, capacity 935K, committed 1024K, reserved 1048576K
Event: 2.391 GC heap after
Heap after GC invocations=3 (full 0):
 PSYoungGen      total 18944K, used 2529K [0x00000000eb100000, 0x00000000ed600000, 0x0000000100000000)
  eden space 16384K, 0% used [0x00000000eb100000,0x00000000eb100000,0x00000000ec100000)
  from space 2560K, 98% used [0x00000000ec100000,0x00000000ec3787c0,0x00000000ec380000)
  to   space 2560K, 0% used [0x00000000ed380000,0x00000000ed380000,0x00000000ed600000)
 ParOldGen       total 44032K, used 832K [0x00000000c1200000, 0x00000000c3d00000, 0x00000000eb100000)
  object space 44032K, 1% used [0x00000000c1200000,0x00000000c12d02b8,0x00000000c3d00000)
 Metaspace       used 7202K, capacity 7418K, committed 7680K, reserved 1056768K
  class space    used 847K, capacity 935K, committed 1024K, reserved 1048576K
}
Event: 2.634 GC heap before
{Heap before GC invocations=4 (full 0):
 PSYoungGen      total 18944K, used 18913K [0x00000000eb100000, 0x00000000ed600000, 0x0000000100000000)
  eden space 16384K, 100% used [0x00000000eb100000,0x00000000ec100000,0x00000000ec100000)
  from space 2560K, 98% used [0x00000000ec100000,0x00000000ec3787c0,0x00000000ec380000)
  to   space 2560K, 0% used [0x00000000ed380000,0x00000000ed380000,0x00000000ed600000)
 ParOldGen       total 44032K, used 832K [0x00000000c1200000, 0x00000000c3d00000, 0x00000000eb100000)
  object space 44032K, 1% used [0x00000000c1200000,0x00000000c12d02b8,0x00000000c3d00000)
 Metaspace       used 7237K, capacity 7418K, committed 7680K, reserved 1056768K
  class space    used 848K, capacity 935K, committed 1024K, reserved 1048576K
Event: 2.650 GC heap after
Heap after GC invocations=4 (full 0):
 PSYoungGen      total 35328K, used 2534K [0x00000000eb100000, 0x00000000ed600000, 0x0000000100000000)
  eden space 32768K, 0% used [0x00000000eb100000,0x00000000eb100000,0x00000000ed100000)
  from space 2560K, 98% used [0x00000000ed380000,0x00000000ed5f98a8,0x00000000ed600000)
  to   space 2560K, 0% used [0x00000000ed100000,0x00000000ed100000,0x00000000ed380000)
 ParOldGen       total 44032K, used 1840K [0x00000000c1200000, 0x00000000c3d00000, 0x00000000eb100000)
  object space 44032K, 4% used [0x00000000c1200000,0x00000000c13cc2b8,0x00000000c3d00000)
 Metaspace       used 7237K, capacity 7418K, committed 7680K, reserved 1056768K
  class space    used 848K, capacity 935K, committed 1024K, reserved 1048576K
}
Event: 3.070 GC heap before
{Heap before GC invocations=5 (full 0):
 PSYoungGen      total 35328K, used 35302K [0x00000000eb100000, 0x00000000ed600000, 0x0000000100000000)
  eden space 32768K, 100% used [0x00000000eb100000,0x00000000ed100000,0x00000000ed100000)
  from space 2560K, 98% used [0x00000000ed380000,0x00000000ed5f98a8,0x00000000ed600000)
  to   space 2560K, 0% used [0x00000000ed100000,0x00000000ed100000,0x00000000ed380000)
 ParOldGen       total 44032K, used 1840K [0x00000000c1200000, 0x00000000c3d00000, 0x00000000eb100000)
  object space 44032K, 4% used [0x00000000c1200000,0x00000000c13cc2b8,0x00000000c3d00000)
 Metaspace       used 7286K, capacity 7486K, committed 7680K, reserved 1056768K
  class space    used 848K, capacity 935K, committed 1024K, reserved 1048576K
Event: 3.089 GC heap after
Heap after GC invocations=5 (full 0):
 PSYoungGen      total 35328K, used 2532K [0x00000000eb100000, 0x00000000efa00000, 0x0000000100000000)
  eden space 32768K, 0% used [0x00000000eb100000,0x00000000eb100000,0x00000000ed100000)
  from space 2560K, 98% used [0x00000000ed100000,0x00000000ed379128,0x00000000ed380000)
  to   space 4608K, 0% used [0x00000000ef580000,0x00000000ef580000,0x00000000efa00000)
 ParOldGen       total 44032K, used 3800K [0x00000000c1200000, 0x00000000c3d00000, 0x00000000eb100000)
  object space 44032K, 8% used [0x00000000c1200000,0x00000000c15b62b8,0x00000000c3d00000)
 Metaspace       used 7286K, capacity 7486K, committed 7680K, reserved 1056768K
  class space    used 848K, capacity 935K, committed 1024K, reserved 1048576K
}
Event: 3.401 GC heap before
{Heap before GC invocations=6 (full 0):
 PSYoungGen      total 35328K, used 35300K [0x00000000eb100000, 0x00000000efa00000, 0x0000000100000000)
  eden space 32768K, 100% used [0x00000000eb100000,0x00000000ed100000,0x00000000ed100000)
  from space 2560K, 98% used [0x00000000ed100000,0x00000000ed379128,0x00000000ed380000)
  to   space 4608K, 0% used [0x00000000ef580000,0x00000000ef580000,0x00000000efa00000)
 ParOldGen       total 44032K, used 3800K [0x00000000c1200000, 0x00000000c3d00000, 0x00000000eb100000)
  object space 44032K, 8% used [0x00000000c1200000,0x00000000c15b62b8,0x00000000c3d00000)
 Metaspace       used 7293K, capacity 7486K, committed 7680K, reserved 1056768K
  class space    used 848K, capacity 935K, committed 1024K, reserved 1048576K
Event: 3.425 GC heap after
Heap after GC invocations=6 (full 0):
 PSYoungGen      total 69120K, used 4593K [0x00000000eb100000, 0x00000000efc00000, 0x0000000100000000)
  eden space 64512K, 0% used [0x00000000eb100000,0x00000000eb100000,0x00000000ef000000)
  from space 4608K, 99% used [0x00000000ef580000,0x00000000ef9fc7b0,0x00000000efa00000)
  to   space 5632K, 0% used [0x00000000ef000000,0x00000000ef000000,0x00000000ef580000)
 ParOldGen       total 44032K, used 4360K [0x00000000c1200000, 0x00000000c3d00000, 0x00000000eb100000)
  object space 44032K, 9% used [0x00000000c1200000,0x00000000c16422b8,0x00000000c3d00000)
 Metaspace       used 7293K, capacity 7486K, committed 7680K, reserved 1056768K
  class space    used 848K, capacity 935K, committed 1024K, reserved 1048576K
}

